fancylibrary/build/outputs/logs/manifest-merger-debug-report.txt
-- Merging decision tree log ---
manifest
ADDED from src\main\AndroidManifest.xml:19:1-29:12
INJECTED from src\main\AndroidManifest.xml:19:1-29:12
INJECTED from src\main\AndroidManifest.xml:19:1-29:12
INJECTED from src\main\AndroidManifest.xml:19:1-29:12
INJECTED from src\main\AndroidManifest.xml:19:1-29:12
INJECTED from src\main\AndroidManifest.xml:19:1-29:12
INJECTED from src\main\AndroidManifest.xml:19:1-29:12
	package
		ADDED from src\main\AndroidManifest.xml:20:7-48
		INJECTED from src\main\AndroidManifest.xml
		INJECTED from src\main\AndroidManifest.xml
	android:versionName
		ADDED from src\main\AndroidManifest.xml:22:7-32
		INJECTED from src\main\AndroidManifest.xml
		INJECTED from src\main\AndroidManifest.xml
	xmlns:android
		ADDED from src\main\AndroidManifest.xml:19:11-69
	android:versionCode
		ADDED from src\main\AndroidManifest.xml:21:7-30
		INJECTED from src\main\AndroidManifest.xml
		INJECTED from src\main\AndroidManifest.xml
uses-sdk
ADDED from src\main\AndroidManifest.xml:24:5-72
INJECTED from src\main\AndroidManifest.xml:24:5-72
INJECTED from src\main\AndroidManifest.xml:24:5-72
INJECTED from src\main\AndroidManifest.xml:24:5-72
INJECTED from src\main\AndroidManifest.xml:24:5-72
	android:targetSdkVersion
		ADDED from src\main\AndroidManifest.xml:24:41-70
		INJECTED from src\main\AndroidManifest.xml
		INJECTED from src\main\AndroidManifest.xml
	android:minSdkVersion
		ADDED from src\main\AndroidManifest.xml:24:15-40
		INJECTED from src\main\AndroidManifest.xml
		INJECTED from src\main\AndroidManifest.xml
application
ADDED from src\main\AndroidManifest.xml:26:5-28:19
	android:label
		ADDED from src\main\AndroidManifest.xml:26:18-50